\BOOKMARK [1][-]{section.1}{\376\377\000O\000v\000e\000r\000v\000i\000e\000w}{}% 1
\BOOKMARK [1][-]{section.2}{\376\377\000P\000i\000p\000e\000l\000i\000n\000e\000\040\000S\000c\000o\000p\000e}{}% 2
\BOOKMARK [1][-]{section.3}{\376\377\000I\000s\000s\000u\000e\000s\000\040\000F\000o\000u\000n\000d\000\040\000a\000n\000d\000\040\000C\000o\000r\000r\000e\000c\000t\000e\000d}{}% 3
\BOOKMARK [2][-]{subsection.3.1}{\376\377\000D\000a\000t\000a\000s\000e\000t\000\040\000D\000o\000w\000n\000l\000o\000a\000d\000\040\000F\000a\000i\000l\000u\000r\000e}{section.3}% 4
\BOOKMARK [2][-]{subsection.3.2}{\376\377\000M\000a\000t\000p\000l\000o\000t\000l\000i\000b\000\040\000C\000o\000n\000f\000i\000g\000u\000r\000a\000t\000i\000o\000n\000\040\000W\000a\000r\000n\000i\000n\000g}{section.3}% 5
\BOOKMARK [2][-]{subsection.3.3}{\376\377\000L\000a\000b\000e\000l\000\040\000N\000o\000r\000m\000a\000l\000i\000z\000a\000t\000i\000o\000n\000\040\000R\000o\000b\000u\000s\000t\000n\000e\000s\000s}{section.3}% 6
\BOOKMARK [2][-]{subsection.3.4}{\376\377\000E\000x\000p\000l\000a\000n\000a\000t\000i\000o\000n\000\040\000a\000n\000d\000\040\000A\000n\000a\000l\000y\000s\000i\000s\000\040\000E\000d\000g\000e\000\040\000C\000a\000s\000e\000s}{section.3}% 7
\BOOKMARK [1][-]{section.4}{\376\377\000V\000e\000r\000i\000f\000i\000e\000d\000\040\000E\000x\000e\000c\000u\000t\000i\000o\000n}{}% 8
\BOOKMARK [2][-]{subsection.4.1}{\376\377\000D\000a\000t\000a\000s\000e\000t\000\040\000S\000i\000z\000e\000s}{section.4}% 9
\BOOKMARK [2][-]{subsection.4.2}{\376\377\000O\000b\000s\000e\000r\000v\000e\000d\000\040\000D\000a\000t\000a\000s\000e\000t\000\040\000S\000h\000a\000p\000e\000s}{section.4}% 10
\BOOKMARK [1][-]{section.5}{\376\377\000M\000o\000d\000e\000l\000\040\000R\000e\000s\000u\000l\000t\000s}{}% 11
\BOOKMARK [1][-]{section.6}{\376\377\000E\000x\000p\000l\000a\000i\000n\000a\000b\000i\000l\000i\000t\000y\000\040\000R\000e\000s\000u\000l\000t\000s}{}% 12
\BOOKMARK [2][-]{subsection.6.1}{\376\377\000S\000H\000A\000P}{section.6}% 13
\BOOKMARK [2][-]{subsection.6.2}{\376\377\000L\000I\000M\000E}{section.6}% 14
\BOOKMARK [1][-]{section.7}{\376\377\000S\000t\000a\000b\000i\000l\000i\000t\000y\000\040\000a\000n\000d\000\040\000A\000d\000v\000e\000r\000s\000a\000r\000i\000a\000l\000\040\000A\000n\000a\000l\000y\000s\000i\000s}{}% 15
\BOOKMARK [2][-]{subsection.7.1}{\376\377\000E\000x\000p\000l\000a\000n\000a\000t\000i\000o\000n\000\040\000S\000t\000a\000b\000i\000l\000i\000t\000y}{section.7}% 16
\BOOKMARK [2][-]{subsection.7.2}{\376\377\000S\000H\000A\000P\000-\000G\000u\000i\000d\000e\000d\000\040\000A\000t\000t\000a\000c\000k\000\040\000R\000e\000s\000u\000l\000t\000s}{section.7}% 17
\BOOKMARK [2][-]{subsection.7.3}{\376\377\000D\000e\000f\000e\000n\000s\000e\000\040\000E\000v\000a\000l\000u\000a\000t\000i\000o\000n}{section.7}% 18
\BOOKMARK [1][-]{section.8}{\376\377\000G\000e\000n\000e\000r\000a\000t\000e\000d\000\040\000A\000r\000t\000i\000f\000a\000c\000t\000s}{}% 19
\BOOKMARK [1][-]{section.9}{\376\377\000H\000o\000w\000\040\000t\000o\000\040\000R\000u\000n}{}% 20
\BOOKMARK [1][-]{section.10}{\376\377\000C\000o\000n\000c\000l\000u\000s\000i\000o\000n}{}% 21
